3
5
1
6
12
8
2
7
9
15
11
16
18
4
20
10
14
19
25
17
13
28
21
24
29
31
23
30
32
26
27
35
38
33
34
39
49
37
42
41
40
52
36
22
43
44
47
56
45
59
51
54
46
48
58
55
50
61
57
62
60
63
64
65
66
70
53
71
68
67
69
72
74
75
76
73
77
79
82
78
80
81
88
83
84
98
85
86
99
87
105
91
90
89
94
92
93
97
100
96
95
106
102
103
104
101
110
108
109
107
117
112
114
116
111
115
113
120
118
125
119
121
122
123
124
127
126
128
134
131
136
129
135
138
137
139
130
132
141
140
133
142
144
143
156
147
146
145
153
163
151
155
157
152
154
148
161
149
170
150
162
168
159
160
171
166
158
165
164
173
169
174
175
182
167
178
176
177
179
180
181
183
172
185
201
194
184
186
188
190
189
192
193
191
198
196
203
195
187
197
200
210
199
202
206
217
205
207
209
208
212
211
215
213
204
216
219
214
218
227
231
220
225
224
223
226
228
221
232
230
239
233
235
236
222
237
234
243
238
229
240
241
246
245
247
248
254
244
250
242
249
252
256
253
255
251
257
258
259
260
263
262
261
267
266
268
265
269
264
270
272
274
271
281
284
277
273
275
276
287
283
282
278
289
280
285
288
286
279
292
290
291
293
296
301
294
295
300
298
297
303
299
302
307
304
305
314
309
308
310
311
312
334
306
318
313
316
315
317
319
322
326
324
339
323
321
320
325
343
329
327
331
330
332
328
337
336
338
341
342
333
347
335
356
346
345
340
348
351
344
350
352
349
354
358
353
355
357
362
361
360
359
364
365
366
363
369
367
371
372
378
370
368
373
377
379
380
374
375
382
391
381
376
392
383
393
384
385
386
388
387
396
390
395
399
389
394
398
400
405
397
403
401
404
408
406
411
417
402
407
412
410
419
413
414
409
415
422
416
418
421
433
423
432
424
420
427
425
426
429
431
430
435
436
428
437
434
444
450
438
442
443
446
439
447
440
449
445
453
451
460
455
448
452
456
454
458
461
457
441
459
464
462
471
463
466
468
467
474
465
469
470
472
476
473
479
475
480
483
477
481
488
490
478
482
487
494
484
489
495
497
493
485
491
486
498
499
496
500
508
502
510
501
504
492
511
503
519
513
521
515
532
507
509
514
517
506
516
512
520
524
505
518
523
529
526
522
525
528
530
536
527
531
538
533
539
542
535
540
537
546
545
534
547
541
543
544
557
549
550
548
554
556
558
552
551
561
553
559
555
560
572
564
565
562
566
568
563
567
569
571
570
576
574
573
577
578
575
579
580
582
583
584
581
585
587
586
588
590
591
589
592
593
595
597
601
598
599
607
594
600
604
606
611
603
596
612
602
605
609
608
617
613
610
615
619
614
618
621
622
616
625
624
626
627
620
639
641
623
634
632
636
628
638
630
629
633
635
644
645
637
631
642
640
647
643
649
653
651
657
648
654
650
664
660
659
652
661
656
662
646
658
663
665
669
675
668
655
666
667
672
673
670
671
698
677
678
676
682
674
687
681
683
684
679
686
685
691
693
695
688
692
690
694
680
699
697
696
700
689
704
701
703
705
706
702
707
708
715
711
709
713
712
710
714
716
718
717
724
725
721
722
719
729
726
720
723
731
737
728
740
735
733
727
732
741
734
742
730
744
743
736
738
746
747
745
756
751
749
750
748
752
754
753
755
763
757
739
759
758
760
761
766
764
762
767
769
770
774
768
765
772
773
771
776
777
781
775
779
780
785
784
783
787
786
788
790
782
791
799
792
789
778
794
795
800
803
797
798
802
804
796
801
805
793
806
811
810
808
824
812
809
813
814
815
821
823
817
818
807
816
820
829
819
832
822
826
825
827
833
830
828
835
837
836
840
834
838
844
831
842
845
850
839
848
841
843
849
852
858
846
847
851
855
853
854
859
866
861
856
862
863
857
867
868
872
860
864
870
871
869
878
873
880
865
876
877
882
883
881
875
891
886
892
874
889
885
879
884
894
887
890
895
888
893
900
896
897
898
906
908
899
902
905
904
903
901
909
910
907
913
912
911
917
915
914
916
920
923
918
921
927
934
925
919
933
928
926
922
935
936
929
930
938
932
940
931
941
939
924
937
942
951
943
946
945
947
948
944
952
953
957
949
954
955
956
963
961
958
960
950
962
965
975
966
971
968
964
967
974
969
973
976
959
970
977
972
978
983
982
981
979
980
984
986
985
990
987
993
988
991
994
992
989
998
996
999
1000
997
995


